<?xml version="1.0" encoding="UTF-8"?>
<!-- Generated by org.testng.reporters.JUnitReportReporter -->
<testsuite hostname="DESKTOP-3MS8ILM" failures="0" tests="1" name="SampleJenkin" time="6.073" errors="0" timestamp="25 Dec 2018 13:53:12 GMT" skipped="0">
  <testcase classname="SampleJenkin" name="login" time="6.073"/>
</testsuite> <!-- SampleJenkin -->
